# JRE version: Java(TM) SE Runtime Environment (14.0.2+12) (build 14.0.2+12-46)
# Java VM: Java HotSpot(TM) 64-Bit Server VM (14.0.2+12-46, mixed mode, sharing, tiered, compressed oops, g1 gc, windows-amd64)
Heap:
 garbage-first heap   total 262144K, used 48079K [0x0000000700e00000, 0x0000000800000000)
  region size 1024K, 42 young (43008K), 2 survivors (2048K)
 Metaspace       used 11425K, capacity 12253K, committed 12544K, reserved 1060864K
  class space    used 1453K, capacity 1699K, committed 1792K, reserved 1048576K
GC Heap History (6 events):
Event: 0.460 GC heap before
{Heap before GC invocations=0 (full 0):
 garbage-first heap   total 262144K, used 13312K [0x0000000700e00000, 0x0000000800000000)
  region size 1024K, 13 young (13312K), 0 survivors (0K)
 Metaspace       used 2575K, capacity 5308K, committed 5504K, reserved 1056768K
  class space    used 258K, capacity 536K, committed 640K, reserved 1048576K
}
Event: 0.468 GC heap after
{Heap after GC invocations=1 (full 0):
 garbage-first heap   total 262144K, used 6570K [0x0000000700e00000, 0x0000000800000000)
  region size 1024K, 2 young (2048K), 2 survivors (2048K)
 Metaspace       used 2575K, capacity 5308K, committed 5504K, reserved 1056768K
  class space    used 258K, capacity 536K, committed 640K, reserved 1048576K
}
Event: 0.635 GC heap before
{Heap before GC invocations=1 (full 0):
 garbage-first heap   total 262144K, used 17834K [0x0000000700e00000, 0x0000000800000000)
  region size 1024K, 13 young (13312K), 2 survivors (2048K)
 Metaspace       used 3763K, capacity 6218K, committed 6400K, reserved 1056768K
  class space    used 427K, capacity 714K, committed 768K, reserved 1048576K
}
Event: 0.638 GC heap after
{Heap after GC invocations=2 (full 0):
 garbage-first heap   total 262144K, used 6796K [0x0000000700e00000, 0x0000000800000000)
  region size 1024K, 1 young (1024K), 1 survivors (1024K)
 Metaspace       used 3763K, capacity 6218K, committed 6400K, reserved 1056768K
  class space    used 427K, capacity 714K, committed 768K, reserved 1048576K
}
Event: 1.005 GC heap before
{Heap before GC invocations=2 (full 0):
 garbage-first heap   total 262144K, used 33420K [0x0000000700e00000, 0x0000000800000000)
  region size 1024K, 27 young (27648K), 1 survivors (1024K)
 Metaspace       used 7349K, capacity 8973K, committed 9216K, reserved 1056768K
  class space    used 902K, capacity 1175K, committed 1280K, reserved 1048576K
}
Event: 1.006 GC heap after
{Heap after GC invocations=3 (full 0):
 garbage-first heap   total 262144K, used 8143K [0x0000000700e00000, 0x0000000800000000)
  region size 1024K, 2 young (2048K), 2 survivors (2048K)
 Metaspace       used 7349K, capacity 8973K, committed 9216K, reserved 1056768K
  class space    used 902K, capacity 1175K, committed 1280K, reserved 1048576K
}

